# JRE version: Java(TM) SE Runtime Environment (17.0.7+8) (build 17.0.7+8-LTS-224)
# Java VM: Java HotSpot(TM) 64-Bit Server VM (17.0.7+8-LTS-224, mixed mode, sharing, tiered, compressed oops, compressed class ptrs, g1 gc, windows-amd64)
GC Precious Log:
 CPUs: 16 total, 16 available
 Memory: 16066M
 Large Page Support: Disabled
 NUMA Support: Disabled
 Compressed Oops: Enabled (Zero based)
 Heap Region Size: 2M
 Heap Min Capacity: 8M
 Heap Initial Capacity: 252M
 Heap Max Capacity: 4018M
 Pre-touch: Disabled
 Parallel Workers: 13
 Concurrent Workers: 3
 Concurrent Refinement Workers: 13
 Periodic GC: Disabled
Heap:
 garbage-first heap   total 102400K, used 81672K [0x0000000704e00000, 0x0000000800000000)
  region size 2048K, 24 young (49152K), 3 survivors (6144K)
 Metaspace       used 89855K, committed 90560K, reserved 1130496K
  class space    used 12148K, committed 12480K, reserved 1048576K
GC Heap History (20 events):
Event: 12.430 GC heap before
{Heap before GC invocations=23 (full 0):
 garbage-first heap   total 102400K, used 83718K [0x0000000704e00000, 0x0000000800000000)
  region size 2048K, 24 young (49152K), 1 survivors (2048K)
 Metaspace       used 82026K, committed 82688K, reserved 1122304K
  class space    used 11113K, committed 11392K, reserved 1048576K
}
Event: 12.432 GC heap after
{Heap after GC invocations=24 (full 0):
 garbage-first heap   total 102400K, used 36307K [0x0000000704e00000, 0x0000000800000000)
  region size 2048K, 1 young (2048K), 1 survivors (2048K)
 Metaspace       used 82026K, committed 82688K, reserved 1122304K
  class space    used 11113K, committed 11392K, reserved 1048576K
}
Event: 13.131 GC heap before
{Heap before GC invocations=24 (full 0):
 garbage-first heap   total 102400K, used 85459K [0x0000000704e00000, 0x0000000800000000)
  region size 2048K, 25 young (51200K), 1 survivors (2048K)
 Metaspace       used 82063K, committed 82688K, reserved 1122304K
  class space    used 11113K, committed 11392K, reserved 1048576K
}
Event: 13.134 GC heap after
{Heap after GC invocations=25 (full 0):
 garbage-first heap   total 102400K, used 36275K [0x0000000704e00000, 0x0000000800000000)
  region size 2048K, 1 young (2048K), 1 survivors (2048K)
 Metaspace       used 82063K, committed 82688K, reserved 1122304K
  class space    used 11113K, committed 11392K, reserved 1048576K
}
Event: 13.903 GC heap before
{Heap before GC invocations=25 (full 0):
 garbage-first heap   total 102400K, used 85427K [0x0000000704e00000, 0x0000000800000000)
  region size 2048K, 25 young (51200K), 1 survivors (2048K)
 Metaspace       used 82067K, committed 82688K, reserved 1122304K
  class space    used 11113K, committed 11392K, reserved 1048576K
}
Event: 13.906 GC heap after
{Heap after GC invocations=26 (full 0):
 garbage-first heap   total 102400K, used 36527K [0x0000000704e00000, 0x0000000800000000)
  region size 2048K, 1 young (2048K), 1 survivors (2048K)
 Metaspace       used 82067K, committed 82688K, reserved 1122304K
  class space    used 11113K, committed 11392K, reserved 1048576K
}
Event: 14.553 GC heap before
{Heap before GC invocations=26 (full 0):
 garbage-first heap   total 102400K, used 87727K [0x0000000704e00000, 0x0000000800000000)
  region size 2048K, 26 young (53248K), 1 survivors (2048K)
 Metaspace       used 82102K, committed 82752K, reserved 1122304K
  class space    used 11114K, committed 11392K, reserved 1048576K
}
Event: 14.555 GC heap after
{Heap after GC invocations=27 (full 0):
 garbage-first heap   total 102400K, used 36448K [0x0000000704e00000, 0x0000000800000000)
  region size 2048K, 1 young (2048K), 1 survivors (2048K)
 Metaspace       used 82102K, committed 82752K, reserved 1122304K
  class space    used 11114K, committed 11392K, reserved 1048576K
}
Event: 15.058 GC heap before
{Heap before GC invocations=27 (full 0):
 garbage-first heap   total 102400K, used 87648K [0x0000000704e00000, 0x0000000800000000)
  region size 2048K, 26 young (53248K), 1 survivors (2048K)
 Metaspace       used 82117K, committed 82752K, reserved 1122304K
  class space    used 11114K, committed 11392K, reserved 1048576K
}
Event: 15.060 GC heap after
{Heap after GC invocations=28 (full 0):
 garbage-first heap   total 102400K, used 36377K [0x0000000704e00000, 0x0000000800000000)
  region size 2048K, 1 young (2048K), 1 survivors (2048K)
 Metaspace       used 82117K, committed 82752K, reserved 1122304K
  class space    used 11114K, committed 11392K, reserved 1048576K
}
Event: 15.582 GC heap before
{Heap before GC invocations=28 (full 0):
 garbage-first heap   total 102400K, used 87577K [0x0000000704e00000, 0x0000000800000000)
  region size 2048K, 26 young (53248K), 1 survivors (2048K)
 Metaspace       used 82144K, committed 82752K, reserved 1122304K
  class space    used 11114K, committed 11392K, reserved 1048576K
}
Event: 15.585 GC heap after
{Heap after GC invocations=29 (full 0):
 garbage-first heap   total 102400K, used 36358K [0x0000000704e00000, 0x0000000800000000)
  region size 2048K, 1 young (2048K), 1 survivors (2048K)
 Metaspace       used 82144K, committed 82752K, reserved 1122304K
  class space    used 11114K, committed 11392K, reserved 1048576K
}
Event: 16.070 GC heap before
{Heap before GC invocations=29 (full 0):
 garbage-first heap   total 102400K, used 89606K [0x0000000704e00000, 0x0000000800000000)
  region size 2048K, 27 young (55296K), 1 survivors (2048K)
 Metaspace       used 82149K, committed 82752K, reserved 1122304K
  class space    used 11114K, committed 11392K, reserved 1048576K
}
Event: 16.072 GC heap after
{Heap after GC invocations=30 (full 0):
 garbage-first heap   total 102400K, used 36671K [0x0000000704e00000, 0x0000000800000000)
  region size 2048K, 1 young (2048K), 1 survivors (2048K)
 Metaspace       used 82149K, committed 82752K, reserved 1122304K
  class space    used 11114K, committed 11392K, reserved 1048576K
}
Event: 16.631 GC heap before
{Heap before GC invocations=30 (full 0):
 garbage-first heap   total 102400K, used 89919K [0x0000000704e00000, 0x0000000800000000)
  region size 2048K, 27 young (55296K), 1 survivors (2048K)
 Metaspace       used 82230K, committed 82816K, reserved 1122304K
  class space    used 11114K, committed 11392K, reserved 1048576K
}
Event: 16.633 GC heap after
{Heap after GC invocations=31 (full 0):
 garbage-first heap   total 102400K, used 36613K [0x0000000704e00000, 0x0000000800000000)
  region size 2048K, 1 young (2048K), 1 survivors (2048K)
 Metaspace       used 82230K, committed 82816K, reserved 1122304K
  class space    used 11114K, committed 11392K, reserved 1048576K
}
Event: 17.242 GC heap before
{Heap before GC invocations=31 (full 0):
 garbage-first heap   total 102400K, used 89861K [0x0000000704e00000, 0x0000000800000000)
  region size 2048K, 27 young (55296K), 1 survivors (2048K)
 Metaspace       used 82901K, committed 83456K, reserved 1122304K
  class space    used 11194K, committed 11456K, reserved 1048576K
}
Event: 17.245 GC heap after
{Heap after GC invocations=32 (full 0):
 garbage-first heap   total 102400K, used 36610K [0x0000000704e00000, 0x0000000800000000)
  region size 2048K, 1 young (2048K), 1 survivors (2048K)
 Metaspace       used 82901K, committed 83456K, reserved 1122304K
  class space    used 11194K, committed 11456K, reserved 1048576K
}
Event: 18.357 GC heap before
{Heap before GC invocations=32 (full 0):
 garbage-first heap   total 102400K, used 89858K [0x0000000704e00000, 0x0000000800000000)
  region size 2048K, 27 young (55296K), 1 survivors (2048K)
 Metaspace       used 85787K, committed 86400K, reserved 1130496K
  class space    used 11610K, committed 11904K, reserved 1048576K
}
Event: 18.362 GC heap after
{Heap after GC invocations=33 (full 0):
 garbage-first heap   total 102400K, used 40712K [0x0000000704e00000, 0x0000000800000000)
  region size 2048K, 3 young (6144K), 3 survivors (6144K)
 Metaspace       used 85787K, committed 86400K, reserved 1130496K
  class space    used 11610K, committed 11904K, reserved 1048576K
}

